<?xml version="1.0" encoding="UTF-8"?>
<!-- Generated by org.testng.reporters.JUnitReportReporter -->
<testsuite skipped="0" hostname="BG-DEV19-LT" name="com.baylorgenetics.cataglog_qa.testcases.VerifyingTheOrderKitsLinkandButton" tests="1" failures="0" timestamp="13 Feb 2020 21:06:58 GMT" time="14.684" errors="0">
  <testcase name="verifyTheOrderkitsURLandButton" time="14.684" classname="com.baylorgenetics.cataglog_qa.testcases.VerifyingTheOrderKitsLinkandButton"/>
</testsuite> <!-- com.baylorgenetics.cataglog_qa.testcases.VerifyingTheOrderKitsLinkandButton -->
