<?xml version="1.0" encoding="UTF-8"?>
<!-- Generated by org.testng.reporters.JUnitReportReporter -->
<testsuite skipped="0" hostname="BG-DEV19-LT" name="com.baylorgenetics.cataglog_qa.testcases.EthnicityDropdownSelectOtherValueORderpage60101" tests="1" failures="0" timestamp="13 Feb 2020 18:54:24 GMT" time="29.546" errors="0">
  <testcase name="ValidateOtherInDropdown" time="29.546" classname="com.baylorgenetics.cataglog_qa.testcases.EthnicityDropdownSelectOtherValueORderpage60101"/>
</testsuite> <!-- com.baylorgenetics.cataglog_qa.testcases.EthnicityDropdownSelectOtherValueORderpage60101 -->
