<?xml version="1.0" encoding="UTF-8"?>
<!-- Generated by org.testng.reporters.JUnitReportReporter -->
<testsuite skipped="0" hostname="BG-DEV19-LT" name="com.baylorgenetics.catalog_qa.pages.EthnicityDropdownSelectAshkenaziJewishValueOrderpage" tests="1" failures="0" timestamp="12 Sep 2019 18:43:23 GMT" time="13.551" errors="0">
  <testcase name="ValidateAshkenaziJewishInDropdown" time="13.551" classname="com.baylorgenetics.catalog_qa.pages.EthnicityDropdownSelectAshkenaziJewishValueOrderpage"/>
</testsuite> <!-- com.baylorgenetics.catalog_qa.pages.EthnicityDropdownSelectAshkenaziJewishValueOrderpage -->
