<?xml version="1.0" encoding="UTF-8"?>
<!-- Generated by org.testng.reporters.JUnitReportReporter -->
<testsuite skipped="0" hostname="BG-DEV19-LT" name="com.baylorgenetics.cataglog_qa.testcases.SecurityOpeningDraftOrderFromAnotherAccount" tests="1" failures="0" timestamp="13 Feb 2020 21:01:50 GMT" time="17.895" errors="0">
  <testcase name="openDraftOrderFromAnotherAccount" time="17.895" classname="com.baylorgenetics.cataglog_qa.testcases.SecurityOpeningDraftOrderFromAnotherAccount"/>
</testsuite> <!-- com.baylorgenetics.cataglog_qa.testcases.SecurityOpeningDraftOrderFromAnotherAccount -->
