<?xml version="1.0" encoding="UTF-8"?>
<!-- Generated by org.testng.reporters.JUnitReportReporter -->
<testsuite skipped="0" hostname="BG-DEV19-LT" name="com.baylorgenetics.cataglog_qa.testcases.VerifyingAllValuesInTheEthnicityDropDown" tests="1" failures="0" timestamp="31 Oct 2019 20:14:28 GMT" time="19.414" errors="0">
  <testcase name="ValidateAllValueEthnicity" time="19.414" classname="com.baylorgenetics.cataglog_qa.testcases.VerifyingAllValuesInTheEthnicityDropDown"/>
</testsuite> <!-- com.baylorgenetics.cataglog_qa.testcases.VerifyingAllValuesInTheEthnicityDropDown -->
