<?xml version="1.0" encoding="UTF-8"?>
<!-- Generated by org.testng.reporters.JUnitReportReporter -->
<testsuite skipped="0" hostname="BG-DEV19-LT" name="com.baylorgenetics.cataglog_qa.testcases.AddAdditionalClinicalInfoDocToAnOrder60101" tests="1" failures="0" timestamp="20 Nov 2019 19:12:19 GMT" time="49.985" errors="0">
  <testcase name="addAditionalClinicalInfoDoc" time="49.985" classname="com.baylorgenetics.cataglog_qa.testcases.AddAdditionalClinicalInfoDocToAnOrder60101"/>
</testsuite> <!-- com.baylorgenetics.cataglog_qa.testcases.AddAdditionalClinicalInfoDocToAnOrder60101 -->
