<?xml version="1.0" encoding="UTF-8"?>
<!-- Generated by org.testng.reporters.JUnitReportReporter -->
<testsuite skipped="0" hostname="BG-DEV19-LT" name="com.baylorgenetics.cataglog_qa.testcases.OrderTestFor1500" tests="1" failures="0" timestamp="13 Feb 2020 20:29:40 GMT" time="56.829" errors="0">
  <testcase name="Merging60101To60106" time="56.829" classname="com.baylorgenetics.cataglog_qa.testcases.OrderTestFor1500"/>
</testsuite> <!-- com.baylorgenetics.cataglog_qa.testcases.OrderTestFor1500 -->
