<?xml version="1.0" encoding="UTF-8"?>
<!-- Generated by org.testng.reporters.JUnitReportReporter -->
<testsuite skipped="0" hostname="BG-DEV19-LT" name="com.baylorgenetics.cataglog_qa.testcases.MalePatientInformation" tests="1" failures="0" timestamp="13 Feb 2020 19:07:09 GMT" time="27.342" errors="0">
  <testcase name="male" time="27.342" classname="com.baylorgenetics.cataglog_qa.testcases.MalePatientInformation"/>
</testsuite> <!-- com.baylorgenetics.cataglog_qa.testcases.MalePatientInformation -->
