<?xml version="1.0" encoding="UTF-8"?>
<!-- Generated by org.testng.reporters.JUnitReportReporter -->
<testsuite skipped="0" hostname="BG-DEV19-LT" name="com.baylorgenetics.cataglog_qa.testcases.ValidatingTheSearchValueInURL" tests="1" failures="0" timestamp="17 Oct 2019 14:52:07 GMT" time="16.566" errors="0">
  <testcase name="validateValueinUrl" time="16.566" classname="com.baylorgenetics.cataglog_qa.testcases.ValidatingTheSearchValueInURL"/>
</testsuite> <!-- com.baylorgenetics.cataglog_qa.testcases.ValidatingTheSearchValueInURL -->
