<?xml version="1.0" encoding="UTF-8"?>
<!-- Generated by org.testng.reporters.JUnitReportReporter -->
<testsuite skipped="0" hostname="BG-DEV19-LT" name="com.baylorgenetics.cataglog_qa.testcases.SelectingInsuranceUsePatientInfo" tests="1" failures="0" timestamp="22 Oct 2019 19:36:28 GMT" time="41.965" errors="0">
  <testcase name="selectingInsuranceFlagUsePatientInfo" time="41.965" classname="com.baylorgenetics.cataglog_qa.testcases.SelectingInsuranceUsePatientInfo"/>
</testsuite> <!-- com.baylorgenetics.cataglog_qa.testcases.SelectingInsuranceUsePatientInfo -->
