<?xml version="1.0" encoding="UTF-8"?>
<!-- Generated by org.testng.reporters.JUnitReportReporter -->
<testsuite skipped="0" hostname="BG-DEV19-LT" name="com.baylorgenetics.cataglog_qa.testcases.EthnicityDropdownSelectOtherValueORderpage" tests="1" failures="0" timestamp="18 Oct 2019 14:17:47 GMT" time="30.579" errors="0">
  <testcase name="ValidateOtherInDropdown" time="30.579" classname="com.baylorgenetics.cataglog_qa.testcases.EthnicityDropdownSelectOtherValueORderpage"/>
</testsuite> <!-- com.baylorgenetics.cataglog_qa.testcases.EthnicityDropdownSelectOtherValueORderpage -->
