<?xml version="1.0" encoding="UTF-8"?>
<!-- Generated by org.testng.reporters.JUnitReportReporter -->
<testsuite skipped="0" hostname="BG-DEV19-LT" name="com.baylorgenetics.cataglog_qa.testcases.NegativeMissingValueInSampleInfo" tests="1" failures="0" timestamp="21 Oct 2019 19:14:45 GMT" time="33.970" errors="0">
  <testcase name="negativeSubmitOrderWithMissingValuesInSampleInfo" time="33.970" classname="com.baylorgenetics.cataglog_qa.testcases.NegativeMissingValueInSampleInfo"/>
</testsuite> <!-- com.baylorgenetics.cataglog_qa.testcases.NegativeMissingValueInSampleInfo -->
