<?xml version="1.0" encoding="UTF-8"?>
<!-- Generated by org.testng.reporters.JUnitReportReporter -->
<testsuite skipped="0" hostname="BG-DEV19-LT" name="com.baylorgenetics.cataglog_qa.testcases.FemalePatientInfomation" tests="1" failures="0" timestamp="13 Feb 2020 18:54:56 GMT" time="24.242" errors="0">
  <testcase name="female" time="24.242" classname="com.baylorgenetics.cataglog_qa.testcases.FemalePatientInfomation"/>
</testsuite> <!-- com.baylorgenetics.cataglog_qa.testcases.FemalePatientInfomation -->
