<?xml version="1.0" encoding="UTF-8"?>
<!-- Generated by org.testng.reporters.JUnitReportReporter -->
<testsuite skipped="0" hostname="BG-DEV19-LT" name="com.baylorgenetics.cataglog_qa.testcases.SecurityOpeningActiveOrderFromAnotherAccount" tests="1" failures="0" timestamp="04 Nov 2019 17:05:50 GMT" time="16.854" errors="0">
  <testcase name="openActiveOrderFromAnotherAccount" time="16.854" classname="com.baylorgenetics.cataglog_qa.testcases.SecurityOpeningActiveOrderFromAnotherAccount"/>
</testsuite> <!-- com.baylorgenetics.cataglog_qa.testcases.SecurityOpeningActiveOrderFromAnotherAccount -->
