<?xml version="1.0" encoding="UTF-8"?>
<!-- Generated by org.testng.reporters.JUnitReportReporter -->
<testsuite skipped="0" hostname="BG-DEV19-LT" name="com.baylorgenetics.cataglog_qa.testcases.LoginChrome" tests="1" failures="0" timestamp="04 Nov 2019 17:12:31 GMT" time="33.304" errors="0">
  <testcase name="logInChrome" time="33.304" classname="com.baylorgenetics.cataglog_qa.testcases.LoginChrome"/>
</testsuite> <!-- com.baylorgenetics.cataglog_qa.testcases.LoginChrome -->
