<?xml version="1.0" encoding="UTF-8"?>
<!-- Generated by org.testng.reporters.JUnitReportReporter -->
<testsuite skipped="0" hostname="BG-DEV19-LT" name="com.baylorgenetics.cataglog_qa.testcases.GestationalInfoYesPregUltraDate60101" tests="1" failures="0" timestamp="29 Oct 2019 18:13:36 GMT" time="31.935" errors="0">
  <testcase name="gesYesPregnantUltraDate" time="31.935" classname="com.baylorgenetics.cataglog_qa.testcases.GestationalInfoYesPregUltraDate60101"/>
</testsuite> <!-- com.baylorgenetics.cataglog_qa.testcases.GestationalInfoYesPregUltraDate60101 -->
