<?xml version="1.0" encoding="UTF-8"?>
<!-- Generated by org.testng.reporters.JUnitReportReporter -->
<testsuite skipped="0" hostname="BG-DEV19-LT" name="com.baylorgenetics.cataglog_qa.testcases.VerifyingAllValuesInTheEthnicityDropDown" tests="1" failures="0" timestamp="13 Feb 2020 21:03:24 GMT" time="20.245" errors="0">
  <testcase name="ValidateAllValueEthnicity" time="20.245" classname="com.baylorgenetics.cataglog_qa.testcases.VerifyingAllValuesInTheEthnicityDropDown"/>
</testsuite> <!-- com.baylorgenetics.cataglog_qa.testcases.VerifyingAllValuesInTheEthnicityDropDown -->
