<?xml version="1.0" encoding="UTF-8"?>
<!-- Generated by org.testng.reporters.JUnitReportReporter -->
<testsuite skipped="0" hostname="BG-DEV19-LT" name="com.baylorgenetics.cataglog_qa.testcases.AddDiffDiagnosisDocToAnOrder" tests="1" failures="0" timestamp="23 Oct 2019 19:10:15 GMT" time="55.781" errors="0">
  <testcase name="addDifferentialDiagnosisDoc" time="55.781" classname="com.baylorgenetics.cataglog_qa.testcases.AddDiffDiagnosisDocToAnOrder"/>
</testsuite> <!-- com.baylorgenetics.cataglog_qa.testcases.AddDiffDiagnosisDocToAnOrder -->
