<?xml version="1.0" encoding="UTF-8"?>
<!-- Generated by org.testng.reporters.JUnitReportReporter -->
<testsuite skipped="0" hostname="BG-DEV19-LT" name="com.baylorgenetics.cataglog_qa.testcases.GestationalInfoYesPregLMP60101" tests="1" failures="0" timestamp="31 Oct 2019 15:22:08 GMT" time="25.710" errors="0">
  <testcase name="yesPregnantLmp" time="25.710" classname="com.baylorgenetics.cataglog_qa.testcases.GestationalInfoYesPregLMP60101"/>
</testsuite> <!-- com.baylorgenetics.cataglog_qa.testcases.GestationalInfoYesPregLMP60101 -->
