<?xml version="1.0" encoding="UTF-8"?>
<!-- Generated by org.testng.reporters.JUnitReportReporter -->
<testsuite skipped="0" hostname="BG-DEV19-LT" name="com.baylorgenetics.cataglog_qa.testcases.LogInFireFox" tests="1" failures="0" timestamp="21 Oct 2019 18:39:12 GMT" time="29.484" errors="0">
  <testcase name="logInFireFox" time="29.484" classname="com.baylorgenetics.cataglog_qa.testcases.LogInFireFox"/>
</testsuite> <!-- com.baylorgenetics.cataglog_qa.testcases.LogInFireFox -->
