<?xml version="1.0" encoding="UTF-8"?>
<!-- Generated by org.testng.reporters.JUnitReportReporter -->
<testsuite skipped="0" hostname="BG-DEV19-LT" name="com.baylorgenetics.cataglog_qa.testcases.GestationalInfoYesPregLMP60101" tests="1" failures="0" timestamp="13 Feb 2020 19:03:47 GMT" time="25.334" errors="0">
  <testcase name="yesPregnantLmp" time="25.334" classname="com.baylorgenetics.cataglog_qa.testcases.GestationalInfoYesPregLMP60101"/>
</testsuite> <!-- com.baylorgenetics.cataglog_qa.testcases.GestationalInfoYesPregLMP60101 -->
