<?xml version="1.0" encoding="UTF-8"?>
<!-- Generated by org.testng.reporters.JUnitReportReporter -->
<testsuite skipped="0" hostname="BG-DEV19-LT" name="com.baylorgenetics.cataglog_qa.testcases.TheSearchBarOnOrders" tests="1" failures="0" timestamp="17 Feb 2020 19:53:56 GMT" time="41.977" errors="0">
  <testcase name="testTheSearchOrderBarOrdersPage" time="41.977" classname="com.baylorgenetics.cataglog_qa.testcases.TheSearchBarOnOrders"/>
</testsuite> <!-- com.baylorgenetics.cataglog_qa.testcases.TheSearchBarOnOrders -->
