<?xml version="1.0" encoding="UTF-8"?>
<!-- Generated by org.testng.reporters.JUnitReportReporter -->
<testsuite skipped="0" hostname="BG-DEV19-LT" name="com.baylorgenetics.cataglog_qa.testcases.GeneAwaresDownloadAndVerifyThePdf" tests="1" failures="0" timestamp="31 Oct 2019 20:14:28 GMT" time="3.924" errors="0">
  <testcase name="VerifyGeneAwaresPreqPDF" time="3.924" classname="com.baylorgenetics.cataglog_qa.testcases.GeneAwaresDownloadAndVerifyThePdf"/>
</testsuite> <!-- com.baylorgenetics.cataglog_qa.testcases.GeneAwaresDownloadAndVerifyThePdf -->
