<?xml version="1.0" encoding="UTF-8"?>
<!-- Generated by org.testng.reporters.JUnitReportReporter -->
<testsuite skipped="0" hostname="BG-DEV19-LT" name="com.baylorgenetics.cataglog_qa.testcases.GestationalInfoYesPregLMP" tests="1" failures="0" timestamp="16 Oct 2019 18:27:24 GMT" time="23.246" errors="0">
  <testcase name="yesPregnantLmp" time="23.246" classname="com.baylorgenetics.cataglog_qa.testcases.GestationalInfoYesPregLMP"/>
</testsuite> <!-- com.baylorgenetics.cataglog_qa.testcases.GestationalInfoYesPregLMP -->
