<?xml version="1.0" encoding="UTF-8"?>
<!-- Generated by org.testng.reporters.JUnitReportReporter -->
<testsuite skipped="0" hostname="BG-DEV19-LT" name="com.baylorgenetics.catalog_qa.testcases.AddingMoreThanOneAdditionalRecipients" tests="1" failures="0" timestamp="12 Sep 2019 13:32:37 GMT" time="16.091" errors="0">
  <testcase name="additionalRecipients" time="16.091" classname="com.baylorgenetics.catalog_qa.testcases.AddingMoreThanOneAdditionalRecipients"/>
</testsuite> <!-- com.baylorgenetics.catalog_qa.testcases.AddingMoreThanOneAdditionalRecipients -->
