<?xml version="1.0" encoding="UTF-8"?>
<!-- Generated by org.testng.reporters.JUnitReportReporter -->
<testsuite skipped="0" hostname="BG-DEV19-LT" name="com.baylorgenetics.cataglog_qa.testcases.NegativeInvalidKeyword" tests="1" failures="0" timestamp="19 Nov 2019 15:42:55 GMT" time="16.265" errors="0">
  <testcase name="NegativeNoSearchResultsFound" time="16.265" classname="com.baylorgenetics.cataglog_qa.testcases.NegativeInvalidKeyword"/>
</testsuite> <!-- com.baylorgenetics.cataglog_qa.testcases.NegativeInvalidKeyword -->
