<?xml version="1.0" encoding="UTF-8"?>
<!-- Generated by org.testng.reporters.JUnitReportReporter -->
<testsuite skipped="0" hostname="BG-DEV19-LT" name="com.baylorgenetics.cataglog_qa.testcases.VerifyingWgsOrderPageAndSections" tests="1" failures="0" timestamp="16 Oct 2019 18:24:53 GMT" time="23.543" errors="0">
  <testcase name="verifyingTheUrlAndSectionWgsOrderPage" time="23.543" classname="com.baylorgenetics.cataglog_qa.testcases.VerifyingWgsOrderPageAndSections"/>
</testsuite> <!-- com.baylorgenetics.cataglog_qa.testcases.VerifyingWgsOrderPageAndSections -->
