<?xml version="1.0" encoding="UTF-8"?>
<!-- Generated by org.testng.reporters.JUnitReportReporter -->
<testsuite skipped="0" hostname="BG-DEV19-LT" name="com.baylorgenetics.cataglog_qa.testcases.VerifyingTheFooterURLOrderKitsCatalogPage" tests="1" failures="0" timestamp="31 Oct 2019 20:14:28 GMT" time="16.972" errors="0">
  <testcase name="verifyingFooterUrlOrderKitsCatalog" time="16.972" classname="com.baylorgenetics.cataglog_qa.testcases.VerifyingTheFooterURLOrderKitsCatalogPage"/>
</testsuite> <!-- com.baylorgenetics.cataglog_qa.testcases.VerifyingTheFooterURLOrderKitsCatalogPage -->
