<?xml version="1.0" encoding="UTF-8"?>
<!-- Generated by org.testng.reporters.JUnitReportReporter -->
<testsuite skipped="0" hostname="BG-DEV19-LT" name="com.baylorgenetics.cataglog_qa.testcases.First60101MergedWith60106male" tests="1" failures="0" timestamp="13 Feb 2020 18:55:54 GMT" time="43.414" errors="0">
  <testcase name="Merging60106To60101" time="43.414" classname="com.baylorgenetics.cataglog_qa.testcases.First60101MergedWith60106male"/>
</testsuite> <!-- com.baylorgenetics.cataglog_qa.testcases.First60101MergedWith60106male -->
