<?xml version="1.0" encoding="UTF-8"?>
<!-- Generated by org.testng.reporters.JUnitReportReporter -->
<testsuite skipped="0" hostname="BG-DEV19-LT" name="com.baylorgenetics.cataglog_qa.testcases.EthnicityDropdownSelectAshkenaziJewishValueOrderpage60101" tests="1" failures="0" timestamp="13 Feb 2020 18:53:01 GMT" time="20.486" errors="0">
  <testcase name="ethnicityValidateAshkenaziJewishInDropdown" time="20.486" classname="com.baylorgenetics.cataglog_qa.testcases.EthnicityDropdownSelectAshkenaziJewishValueOrderpage60101"/>
</testsuite> <!-- com.baylorgenetics.cataglog_qa.testcases.EthnicityDropdownSelectAshkenaziJewishValueOrderpage60101 -->
