<?xml version="1.0" encoding="UTF-8"?>
<!-- Generated by org.testng.reporters.JUnitReportReporter -->
<testsuite skipped="0" hostname="BG-DEV19-LT" name="com.baylorgenetics.cataglog_qa.testcases.GeneAwaresDownloadAndVerifyThePdf" tests="1" failures="0" timestamp="29 Oct 2019 16:45:15 GMT" time="4.359" errors="0">
  <testcase name="VerifyGeneAwaresPreqPDF" time="4.359" classname="com.baylorgenetics.cataglog_qa.testcases.GeneAwaresDownloadAndVerifyThePdf"/>
</testsuite> <!-- com.baylorgenetics.cataglog_qa.testcases.GeneAwaresDownloadAndVerifyThePdf -->
