<?xml version="1.0" encoding="UTF-8"?>
<!-- Generated by org.testng.reporters.JUnitReportReporter -->
<testsuite skipped="0" hostname="BG-DEV19-LT" name="com.baylorgenetics.cataglog_qa.testcases.LoginChrome" tests="1" failures="0" timestamp="23 Oct 2019 19:10:15 GMT" time="32.633" errors="0">
  <testcase name="logInChrome" time="32.633" classname="com.baylorgenetics.cataglog_qa.testcases.LoginChrome"/>
</testsuite> <!-- com.baylorgenetics.cataglog_qa.testcases.LoginChrome -->
