<?xml version="1.0" encoding="UTF-8"?>
<!-- Generated by org.testng.reporters.JUnitReportReporter -->
<testsuite skipped="0" hostname="BG-DEV19-LT" name="com.baylorgenetics.cataglog_qa.testcases.GestationalInfoYesPregLMP60101" tests="1" failures="0" timestamp="21 Nov 2019 16:38:48 GMT" time="26.934" errors="0">
  <testcase name="yesPregnantLmp" time="26.934" classname="com.baylorgenetics.cataglog_qa.testcases.GestationalInfoYesPregLMP60101"/>
</testsuite> <!-- com.baylorgenetics.cataglog_qa.testcases.GestationalInfoYesPregLMP60101 -->
