<?xml version="1.0" encoding="UTF-8"?>
<!-- Generated by org.testng.reporters.JUnitReportReporter -->
<testsuite skipped="0" hostname="BG-DEV19-LT" name="com.baylorgenetics.cataglog_qa.testcases.SecurityOpeningCompletedOrderFromAnotherAccount" tests="1" failures="0" timestamp="16 Oct 2019 18:24:53 GMT" time="16.293" errors="0">
  <testcase name="openAcompletedOrderFromAnotherAccount" time="16.293" classname="com.baylorgenetics.cataglog_qa.testcases.SecurityOpeningCompletedOrderFromAnotherAccount"/>
</testsuite> <!-- com.baylorgenetics.cataglog_qa.testcases.SecurityOpeningCompletedOrderFromAnotherAccount -->
