<?xml version="1.0" encoding="UTF-8"?>
<!-- Generated by org.testng.reporters.JUnitReportReporter -->
<testsuite skipped="0" hostname="BG-DEV19-LT" name="com.baylorgenetics.cataglog_qa.testcases.SecurityOpeningActiveOrderFromAnotherAccount" tests="1" failures="0" timestamp="23 Oct 2019 19:10:15 GMT" time="16.822" errors="0">
  <testcase name="openActiveOrderFromAnotherAccount" time="16.822" classname="com.baylorgenetics.cataglog_qa.testcases.SecurityOpeningActiveOrderFromAnotherAccount"/>
</testsuite> <!-- com.baylorgenetics.cataglog_qa.testcases.SecurityOpeningActiveOrderFromAnotherAccount -->
