<?xml version="1.0" encoding="UTF-8"?>
<!-- Generated by org.testng.reporters.JUnitReportReporter -->
<testsuite skipped="0" hostname="BG-DEV19-LT" name="com.baylorgenetics.cataglog_qa.testcases.NegativePatientInfoSubmitWithoutRequiredFields" tests="1" failures="0" timestamp="21 Oct 2019 19:20:13 GMT" time="33.236" errors="0">
  <testcase name="NegativePatientInfoNorequiredFieldsSubmit" time="33.236" classname="com.baylorgenetics.cataglog_qa.testcases.NegativePatientInfoSubmitWithoutRequiredFields"/>
</testsuite> <!-- com.baylorgenetics.cataglog_qa.testcases.NegativePatientInfoSubmitWithoutRequiredFields -->
