<?xml version="1.0" encoding="UTF-8"?>
<!-- Generated by org.testng.reporters.JUnitReportReporter -->
<testsuite skipped="0" hostname="BG-DEV19-LT" name="com.baylorgenetics.cataglog_qa.testcases.OpenThePageUsingEdge" tests="1" failures="0" timestamp="19 Sep 2019 13:00:37 GMT" time="2.744" errors="0">
  <testcase name="openThePageusingEdge" time="2.744" classname="com.baylorgenetics.cataglog_qa.testcases.OpenThePageUsingEdge"/>
</testsuite> <!-- com.baylorgenetics.cataglog_qa.testcases.OpenThePageUsingEdge -->
