<?xml version="1.0" encoding="UTF-8"?>
<!-- Generated by org.testng.reporters.JUnitReportReporter -->
<testsuite skipped="0" hostname="BG-DEV19-LT" name="com.baylorgenetics.cataglog_qa.testcases.GeneAwaresDownloadAndVerifyThePdf" tests="1" failures="0" timestamp="23 Oct 2019 19:10:15 GMT" time="3.916" errors="0">
  <testcase name="VerifyGeneAwaresPreqPDF" time="3.916" classname="com.baylorgenetics.cataglog_qa.testcases.GeneAwaresDownloadAndVerifyThePdf"/>
</testsuite> <!-- com.baylorgenetics.cataglog_qa.testcases.GeneAwaresDownloadAndVerifyThePdf -->
