<?xml version="1.0" encoding="UTF-8"?>
<!-- Generated by org.testng.reporters.JUnitReportReporter -->
<testsuite skipped="0" hostname="BG-DEV19-LT" name="com.baylorgenetics.cataglog_qa.testcases.RegisteringForPhysicianAndInstitution" tests="1" failures="0" timestamp="25 Sep 2019 19:41:13 GMT" time="17.093" errors="0">
  <testcase name="regForPhysiciansAndInstitution" time="17.093" classname="com.baylorgenetics.cataglog_qa.testcases.RegisteringForPhysicianAndInstitution"/>
</testsuite> <!-- com.baylorgenetics.cataglog_qa.testcases.RegisteringForPhysicianAndInstitution -->
