<?xml version="1.0" encoding="UTF-8"?>
<!-- Generated by org.testng.reporters.JUnitReportReporter -->
<testsuite skipped="0" hostname="BG-DEV19-LT" name="com.baylorgenetics.cataglog_qa.testcases.SecurityOpeningActiveOrderFromAnotherAccount" tests="1" failures="0" timestamp="13 Feb 2020 20:31:46 GMT" time="17.202" errors="0">
  <testcase name="openActiveOrderFromAnotherAccount" time="17.202" classname="com.baylorgenetics.cataglog_qa.testcases.SecurityOpeningActiveOrderFromAnotherAccount"/>
</testsuite> <!-- com.baylorgenetics.cataglog_qa.testcases.SecurityOpeningActiveOrderFromAnotherAccount -->
