<?xml version="1.0" encoding="UTF-8"?>
<!-- Generated by org.testng.reporters.JUnitReportReporter -->
<testsuite skipped="0" hostname="BG-DEV19-LT" name="com.baylorgenetics.cataglog_qa.testcases.GestationalInfoYesPregUltraDate60101" tests="1" failures="0" timestamp="13 Feb 2020 19:04:48 GMT" time="27.238" errors="0">
  <testcase name="gesYesPregnantUltraDate" time="27.238" classname="com.baylorgenetics.cataglog_qa.testcases.GestationalInfoYesPregUltraDate60101"/>
</testsuite> <!-- com.baylorgenetics.cataglog_qa.testcases.GestationalInfoYesPregUltraDate60101 -->
