<?xml version="1.0" encoding="UTF-8"?>
<!-- Generated by org.testng.reporters.JUnitReportReporter -->
<testsuite skipped="0" hostname="BG-DEV19-LT" name="com.baylorgenetics.cataglog_qa.testcases.GeneAwaresDownloadAndVerifyThePdf" tests="1" failures="0" timestamp="13 Feb 2020 16:22:44 GMT" time="5.774" errors="0">
  <testcase name="VerifyGeneAwaresPreqPDF" time="5.774" classname="com.baylorgenetics.cataglog_qa.testcases.GeneAwaresDownloadAndVerifyThePdf"/>
</testsuite> <!-- com.baylorgenetics.cataglog_qa.testcases.GeneAwaresDownloadAndVerifyThePdf -->
