<?xml version="1.0" encoding="UTF-8"?>
<!-- Generated by org.testng.reporters.JUnitReportReporter -->
<testsuite skipped="0" hostname="BG-DEV19-LT" name="com.baylorgenetics.cataglog_qa.testcases.VerifyingWgsOrderPageAndSections" tests="1" failures="0" timestamp="13 Feb 2020 21:10:00 GMT" time="25.536" errors="0">
  <testcase name="verifyingTheUrlAndSectionWgsOrderPage" time="25.536" classname="com.baylorgenetics.cataglog_qa.testcases.VerifyingWgsOrderPageAndSections"/>
</testsuite> <!-- com.baylorgenetics.cataglog_qa.testcases.VerifyingWgsOrderPageAndSections -->
