<?xml version="1.0" encoding="UTF-8"?>
<!-- Generated by org.testng.reporters.JUnitReportReporter -->
<testsuite skipped="0" hostname="BG-DEV19-LT" name="com.baylorgenetics.cataglog_qa.testcases.SecurityOpeningCompletedOrderFromAnotherAccount" tests="1" failures="0" timestamp="13 Feb 2020 20:32:13 GMT" time="17.407" errors="0">
  <testcase name="openAcompletedOrderFromAnotherAccount" time="17.407" classname="com.baylorgenetics.cataglog_qa.testcases.SecurityOpeningCompletedOrderFromAnotherAccount"/>
</testsuite> <!-- com.baylorgenetics.cataglog_qa.testcases.SecurityOpeningCompletedOrderFromAnotherAccount -->
