<?xml version="1.0" encoding="UTF-8"?>
<!-- Generated by org.testng.reporters.JUnitReportReporter -->
<testsuite skipped="0" hostname="BG-DEV19-LT" name="com.baylorgenetics.cataglog_qa.testcases.AddConsentFormDocToAnOrder60101" tests="1" failures="0" timestamp="18 Nov 2019 19:44:52 GMT" time="44.882" errors="0">
  <testcase name="addConsentFormtoOrder" time="44.882" classname="com.baylorgenetics.cataglog_qa.testcases.AddConsentFormDocToAnOrder60101"/>
</testsuite> <!-- com.baylorgenetics.cataglog_qa.testcases.AddConsentFormDocToAnOrder60101 -->
