<?xml version="1.0" encoding="UTF-8"?>
<!-- Generated by org.testng.reporters.JUnitReportReporter -->
<testsuite skipped="0" hostname="BG-DEV19-LT" name="com.baylorgenetics.cataglog_qa.testcases.SelectingInsuranceUsePatientInfo60101" tests="1" failures="0" timestamp="18 Nov 2019 19:44:52 GMT" time="54.569" errors="0">
  <testcase name="selectingInsuranceFlagUsePatientInfo" time="54.569" classname="com.baylorgenetics.cataglog_qa.testcases.SelectingInsuranceUsePatientInfo60101"/>
</testsuite> <!-- com.baylorgenetics.cataglog_qa.testcases.SelectingInsuranceUsePatientInfo60101 -->
