<?xml version="1.0" encoding="UTF-8"?>
<!-- Generated by org.testng.reporters.JUnitReportReporter -->
<testsuite skipped="0" hostname="BG-DEV19-LT" name="com.baylorgenetics.cataglog_qa.testcases.NegativeSubmitAnOrderWithoutIndicationRequiredFields" tests="1" failures="0" timestamp="13 Feb 2020 20:03:44 GMT" time="40.027" errors="0">
  <testcase name="negativeSubmitOrderWithoutRequiredIndicationRequiredF" time="40.027" classname="com.baylorgenetics.cataglog_qa.testcases.NegativeSubmitAnOrderWithoutIndicationRequiredFields"/>
</testsuite> <!-- com.baylorgenetics.cataglog_qa.testcases.NegativeSubmitAnOrderWithoutIndicationRequiredFields -->
