<?xml version="1.0" encoding="UTF-8"?>
<!-- Generated by org.testng.reporters.JUnitReportReporter -->
<testsuite skipped="0" hostname="BG-DEV19-LT" name="com.baylorgenetics.cataglog_qa.testcases.VerifyingMitochondrialOrderPageAndSections" tests="1" failures="0" timestamp="31 Oct 2019 14:55:32 GMT" time="23.150" errors="0">
  <testcase name="verifyingTheUrlAndSectionMitOrderPage" time="23.150" classname="com.baylorgenetics.cataglog_qa.testcases.VerifyingMitochondrialOrderPageAndSections"/>
</testsuite> <!-- com.baylorgenetics.cataglog_qa.testcases.VerifyingMitochondrialOrderPageAndSections -->
