<?xml version="1.0" encoding="UTF-8"?>
<!-- Generated by org.testng.reporters.JUnitReportReporter -->
<testsuite skipped="0" hostname="BG-DEV19-LT" name="com.baylorgenetics.cataglog_qa.testcases.LogInFireFox" tests="1" failures="0" timestamp="18 Nov 2019 20:24:12 GMT" time="30.082" errors="0">
  <testcase name="logInFireFox" time="30.082" classname="com.baylorgenetics.cataglog_qa.testcases.LogInFireFox"/>
</testsuite> <!-- com.baylorgenetics.cataglog_qa.testcases.LogInFireFox -->
