<?xml version="1.0" encoding="UTF-8"?>
<!-- Generated by org.testng.reporters.JUnitReportReporter -->
<testsuite skipped="0" hostname="BG-DEV19-LT" name="com.baylorgenetics.cataglog_qa.testcases.LoginChrome" tests="1" failures="0" timestamp="13 Feb 2020 19:05:32 GMT" time="33.745" errors="0">
  <testcase name="logInChrome" time="33.745" classname="com.baylorgenetics.cataglog_qa.testcases.LoginChrome"/>
</testsuite> <!-- com.baylorgenetics.cataglog_qa.testcases.LoginChrome -->
