<?xml version="1.0" encoding="UTF-8"?>
<!-- Generated by org.testng.reporters.JUnitReportReporter -->
<testsuite skipped="0" hostname="BG-DEV19-LT" name="com.baylorgenetics.cataglog_qa.testcases.ValidatingTheSearchValueInURL" tests="1" failures="0" timestamp="13 Feb 2020 16:22:44 GMT" time="15.845" errors="0">
  <testcase name="validateValueinUrl" time="15.845" classname="com.baylorgenetics.cataglog_qa.testcases.ValidatingTheSearchValueInURL"/>
</testsuite> <!-- com.baylorgenetics.cataglog_qa.testcases.ValidatingTheSearchValueInURL -->
