<?xml version="1.0" encoding="UTF-8"?>
<!-- Generated by org.testng.reporters.JUnitReportReporter -->
<testsuite skipped="0" hostname="BG-DEV19-LT" name="com.baylorgenetics.cataglog_qa.testcases.LogInFireFox" tests="1" failures="0" timestamp="31 Oct 2019 14:55:33 GMT" time="32.963" errors="0">
  <testcase name="logInFireFox" time="32.963" classname="com.baylorgenetics.cataglog_qa.testcases.LogInFireFox"/>
</testsuite> <!-- com.baylorgenetics.cataglog_qa.testcases.LogInFireFox -->
