<?xml version="1.0" encoding="UTF-8"?>
<!-- Generated by org.testng.reporters.JUnitReportReporter -->
<testsuite skipped="0" hostname="BG-DEV19-LT" name="com.baylorgenetics.catalog_qa.pages.GestationalInfoYesPregLMP" tests="1" failures="0" timestamp="12 Sep 2019 18:43:23 GMT" time="17.569" errors="0">
  <testcase name="yesPregnantLmp" time="17.569" classname="com.baylorgenetics.catalog_qa.pages.GestationalInfoYesPregLMP"/>
</testsuite> <!-- com.baylorgenetics.catalog_qa.pages.GestationalInfoYesPregLMP -->
