<?xml version="1.0" encoding="UTF-8"?>
<!-- Generated by org.testng.reporters.JUnitReportReporter -->
<testsuite skipped="0" hostname="BG-DEV19-LT" name="com.baylorgenetics.cataglog_qa.testcases.EdgeDriverCreateOrder60101Female" tests="1" failures="0" timestamp="11 Feb 2020 16:59:39 GMT" time="42.771" errors="0">
  <testcase name="EdgeDriverCreateOrder60101" time="42.771" classname="com.baylorgenetics.cataglog_qa.testcases.EdgeDriverCreateOrder60101Female"/>
</testsuite> <!-- com.baylorgenetics.cataglog_qa.testcases.EdgeDriverCreateOrder60101Female -->
