<?xml version="1.0" encoding="UTF-8"?>
<!-- Generated by org.testng.reporters.JUnitReportReporter -->
<testsuite skipped="0" hostname="BG-DEV19-LT" name="com.baylorgenetics.cataglog_qa.testcases.AddConsentFormDocToAnOrder60101" tests="1" failures="0" timestamp="13 Feb 2020 16:47:47 GMT" time="45.785" errors="0">
  <testcase name="addConsentFormtoOrder" time="45.785" classname="com.baylorgenetics.cataglog_qa.testcases.AddConsentFormDocToAnOrder60101"/>
</testsuite> <!-- com.baylorgenetics.cataglog_qa.testcases.AddConsentFormDocToAnOrder60101 -->
