<?xml version="1.0" encoding="UTF-8"?>
<!-- Generated by org.testng.reporters.JUnitReportReporter -->
<testsuite skipped="0" hostname="BG-DEV19-LT" name="com.baylorgenetics.catalog_qa.pages.VerifyingWgsOrderPageAndSections" tests="1" failures="0" timestamp="12 Sep 2019 20:09:49 GMT" time="23.941" errors="0">
  <testcase name="verifyingTheUrlAndSectionWgsOrderPage" time="23.941" classname="com.baylorgenetics.catalog_qa.pages.VerifyingWgsOrderPageAndSections"/>
</testsuite> <!-- com.baylorgenetics.catalog_qa.pages.VerifyingWgsOrderPageAndSections -->
