<?xml version="1.0" encoding="UTF-8"?>
<!-- Generated by org.testng.reporters.JUnitReportReporter -->
<testsuite skipped="0" hostname="BG-DEV19-LT" name="com.baylorgenetics.cataglog_qa.testcases.TheSearchOrdersBarOnDraft" tests="1" failures="0" timestamp="17 Feb 2020 14:16:12 GMT" time="25.385" errors="0">
  <testcase name="testTheSearchOrderBarDraftpage" time="25.385" classname="com.baylorgenetics.cataglog_qa.testcases.TheSearchOrdersBarOnDraft"/>
</testsuite> <!-- com.baylorgenetics.cataglog_qa.testcases.TheSearchOrdersBarOnDraft -->
