<?xml version="1.0" encoding="UTF-8"?>
<!-- Generated by org.testng.reporters.JUnitReportReporter -->
<testsuite skipped="0" hostname="BG-DEV19-LT" name="com.baylorgenetics.cataglog_qa.testcases.OpeningAnOrderFromAnotherAccount" tests="1" failures="0" timestamp="08 Oct 2019 13:48:22 GMT" time="16.128" errors="0">
  <testcase name="regForPhysiciansAndInstitution" time="16.128" classname="com.baylorgenetics.cataglog_qa.testcases.OpeningAnOrderFromAnotherAccount"/>
</testsuite> <!-- com.baylorgenetics.cataglog_qa.testcases.OpeningAnOrderFromAnotherAccount -->
