<?xml version="1.0" encoding="UTF-8"?>
<!-- Generated by org.testng.reporters.JUnitReportReporter -->
<testsuite skipped="0" hostname="BG-DEV19-LT" name="com.baylorgenetics.cataglog_qa.testcases.VerifyingCytogeneticsOrderpageAndSections" tests="1" failures="0" timestamp="29 Oct 2019 16:45:15 GMT" time="22.207" errors="0">
  <testcase name="verifyingTheUrlAndSectionWestCytogeneticsOrderPage" time="22.207" classname="com.baylorgenetics.cataglog_qa.testcases.VerifyingCytogeneticsOrderpageAndSections"/>
</testsuite> <!-- com.baylorgenetics.cataglog_qa.testcases.VerifyingCytogeneticsOrderpageAndSections -->
