<?xml version="1.0" encoding="UTF-8"?>
<!-- Generated by org.testng.reporters.JUnitReportReporter -->
<testsuite skipped="0" hostname="BG-DEV19-LT" name="com.baylorgenetics.cataglog_qa.testcases.AddDiffDiagnosisDocToAnOrder60101" tests="1" failures="0" timestamp="29 Oct 2019 18:18:52 GMT" time="54.526" errors="0">
  <testcase name="addDifferentialDiagnosisDoc" time="54.526" classname="com.baylorgenetics.cataglog_qa.testcases.AddDiffDiagnosisDocToAnOrder60101"/>
</testsuite> <!-- com.baylorgenetics.cataglog_qa.testcases.AddDiffDiagnosisDocToAnOrder60101 -->
