<?xml version="1.0" encoding="UTF-8"?>
<!-- Generated by org.testng.reporters.JUnitReportReporter -->
<testsuite skipped="0" hostname="BG-DEV19-LT" name="com.baylorgenetics.cataglog_qa.testcases.EthnicityDropdownSelectAshkenaziJewishValueOrderpage" tests="1" failures="0" timestamp="16 Oct 2019 18:24:53 GMT" time="18.776" errors="0">
  <testcase name="ethnicityValidateAshkenaziJewishInDropdown" time="18.776" classname="com.baylorgenetics.cataglog_qa.testcases.EthnicityDropdownSelectAshkenaziJewishValueOrderpage"/>
</testsuite> <!-- com.baylorgenetics.cataglog_qa.testcases.EthnicityDropdownSelectAshkenaziJewishValueOrderpage -->
