<?xml version="1.0" encoding="UTF-8"?>
<!-- Generated by org.testng.reporters.JUnitReportReporter -->
<testsuite skipped="0" hostname="BG-DEV19-LT" name="com.baylorgenetics.cataglog_qa.testcases.GestationalInfoYesPregUltraDate" tests="1" failures="0" timestamp="16 Oct 2019 18:24:53 GMT" time="29.654" errors="0">
  <testcase name="gesYesPregnantUltraDate" time="29.654" classname="com.baylorgenetics.cataglog_qa.testcases.GestationalInfoYesPregUltraDate"/>
</testsuite> <!-- com.baylorgenetics.cataglog_qa.testcases.GestationalInfoYesPregUltraDate -->
