<?xml version="1.0" encoding="UTF-8"?>
<!-- Generated by org.testng.reporters.JUnitReportReporter -->
<testsuite skipped="0" hostname="BG-DEV19-LT" name="com.baylorgenetics.cataglog_qa.testcases.SelectingInsuranceUsePatientInfo60101" tests="1" failures="0" timestamp="13 Feb 2020 21:02:51 GMT" time="49.679" errors="0">
  <testcase name="selectingInsuranceFlagUsePatientInfo" time="49.679" classname="com.baylorgenetics.cataglog_qa.testcases.SelectingInsuranceUsePatientInfo60101"/>
</testsuite> <!-- com.baylorgenetics.cataglog_qa.testcases.SelectingInsuranceUsePatientInfo60101 -->
