<?xml version="1.0" encoding="UTF-8"?>
<!-- Generated by org.testng.reporters.JUnitReportReporter -->
<testsuite skipped="0" hostname="BG-DEV19-LT" name="com.baylorgenetics.cataglog_qa.testcases.VerifyingGlobalMapsOrderPageAndSections" tests="1" failures="0" timestamp="17 Oct 2019 19:27:41 GMT" time="23.992" errors="0">
  <testcase name="verifyingTheUrlAndSectionWestGlobalMapsOrderPage" time="23.992" classname="com.baylorgenetics.cataglog_qa.testcases.VerifyingGlobalMapsOrderPageAndSections"/>
</testsuite> <!-- com.baylorgenetics.cataglog_qa.testcases.VerifyingGlobalMapsOrderPageAndSections -->
