<?xml version="1.0" encoding="UTF-8"?>
<!-- Generated by org.testng.reporters.JUnitReportReporter -->
<testsuite skipped="0" hostname="BG-DEV19-LT" name="com.baylorgenetics.cataglog_qa.testcases.VerifyingAllValuesInTheEthnicityDropDown" tests="1" failures="0" timestamp="20 Nov 2019 19:22:03 GMT" time="20.152" errors="0">
  <testcase name="ValidateAllValueEthnicity" time="20.152" classname="com.baylorgenetics.cataglog_qa.testcases.VerifyingAllValuesInTheEthnicityDropDown"/>
</testsuite> <!-- com.baylorgenetics.cataglog_qa.testcases.VerifyingAllValuesInTheEthnicityDropDown -->
