<?xml version="1.0" encoding="UTF-8"?>
<!-- Generated by org.testng.reporters.JUnitReportReporter -->
<testsuite skipped="0" hostname="BG-DEV19-LT" name="com.baylorgenetics.cataglog_qa.testcases.TheSearchOrderBarOnActive" tests="1" failures="0" timestamp="17 Feb 2020 14:58:38 GMT" time="33.407" errors="0">
  <testcase name="testTheSearchOrderBarActivePage" time="33.407" classname="com.baylorgenetics.cataglog_qa.testcases.TheSearchOrderBarOnActive"/>
</testsuite> <!-- com.baylorgenetics.cataglog_qa.testcases.TheSearchOrderBarOnActive -->
