<?xml version="1.0" encoding="UTF-8"?>
<!-- Generated by org.testng.reporters.JUnitReportReporter -->
<testsuite skipped="0" hostname="BG-DEV19-LT" name="com.baylorgenetics.cataglog_qa.testcases.NegativeSubmitAnOrderWithoutIndicationRequiredFields" tests="1" failures="0" timestamp="29 Oct 2019 16:45:15 GMT" time="37.016" errors="0">
  <testcase name="negativeSubmitOrderWithoutRequiredIndicationRequiredF" time="37.016" classname="com.baylorgenetics.cataglog_qa.testcases.NegativeSubmitAnOrderWithoutIndicationRequiredFields"/>
</testsuite> <!-- com.baylorgenetics.cataglog_qa.testcases.NegativeSubmitAnOrderWithoutIndicationRequiredFields -->
