<?xml version="1.0" encoding="UTF-8"?>
<!-- Generated by org.testng.reporters.JUnitReportReporter -->
<testsuite skipped="0" hostname="BG-DEV19-LT" name="com.baylorgenetics.catalog_qa.pages.VerifyingAllValuesInTheEthnicityDropDown" tests="1" failures="0" timestamp="12 Sep 2019 18:43:23 GMT" time="13.784" errors="0">
  <testcase name="ValidateAllValueEthnicity" time="13.784" classname="com.baylorgenetics.catalog_qa.pages.VerifyingAllValuesInTheEthnicityDropDown"/>
</testsuite> <!-- com.baylorgenetics.catalog_qa.pages.VerifyingAllValuesInTheEthnicityDropDown -->
