<?xml version="1.0" encoding="UTF-8"?>
<!-- Generated by org.testng.reporters.JUnitReportReporter -->
<testsuite skipped="0" hostname="BG-DEV19-LT" name="com.baylorgenetics.catalog_qa.pages.VerifyingGlobalMapsOrderPageAndSections" tests="1" failures="0" timestamp="12 Sep 2019 18:43:23 GMT" time="19.727" errors="0">
  <testcase name="verifyingTheUrlAndSectionWestGlobalMapsOrderPage" time="19.727" classname="com.baylorgenetics.catalog_qa.pages.VerifyingGlobalMapsOrderPageAndSections"/>
</testsuite> <!-- com.baylorgenetics.catalog_qa.pages.VerifyingGlobalMapsOrderPageAndSections -->
