<?xml version="1.0" encoding="UTF-8"?>
<!-- Generated by org.testng.reporters.JUnitReportReporter -->
<testsuite skipped="0" hostname="BG-DEV19-LT" name="com.baylorgenetics.cataglog_qa.testcases.AddDiffDiagnosisDocToAnOrder60101" tests="1" failures="0" timestamp="04 Nov 2019 17:05:50 GMT" time="45.784" errors="0">
  <testcase name="addDifferentialDiagnosisDoc" time="45.784" classname="com.baylorgenetics.cataglog_qa.testcases.AddDiffDiagnosisDocToAnOrder60101"/>
</testsuite> <!-- com.baylorgenetics.cataglog_qa.testcases.AddDiffDiagnosisDocToAnOrder60101 -->
