<?xml version="1.0" encoding="UTF-8"?>
<!-- Generated by org.testng.reporters.JUnitReportReporter -->
<testsuite skipped="0" hostname="BG-DEV19-LT" name="com.baylorgenetics.cataglog_qa.testcases.CreatingAnOrderWithAdditionalStudiesRSelectingNo" tests="1" failures="0" timestamp="13 Feb 2020 17:01:45 GMT" time="42.407" errors="0">
  <testcase name="CreateOrderWithAdditionalStudiesRwithNO" time="42.407" classname="com.baylorgenetics.cataglog_qa.testcases.CreatingAnOrderWithAdditionalStudiesRSelectingNo"/>
</testsuite> <!-- com.baylorgenetics.cataglog_qa.testcases.CreatingAnOrderWithAdditionalStudiesRSelectingNo -->
