<?xml version="1.0" encoding="UTF-8"?>
<!-- Generated by org.testng.reporters.JUnitReportReporter -->
<testsuite skipped="0" hostname="BG-DEV19-LT" name="com.baylorgenetics.cataglog_qa.testcases.VerifyingCytogeneticsOrderpageAndSections" tests="1" failures="0" timestamp="31 Oct 2019 14:55:32 GMT" time="21.833" errors="0">
  <testcase name="verifyingTheUrlAndSectionWestCytogeneticsOrderPage" time="21.833" classname="com.baylorgenetics.cataglog_qa.testcases.VerifyingCytogeneticsOrderpageAndSections"/>
</testsuite> <!-- com.baylorgenetics.cataglog_qa.testcases.VerifyingCytogeneticsOrderpageAndSections -->
