<?xml version="1.0" encoding="UTF-8"?>
<!-- Generated by org.testng.reporters.JUnitReportReporter -->
<testsuite skipped="0" hostname="BG-DEV19-LT" name="com.baylorgenetics.cataglog_qa.testcases.LoginChrome" tests="1" failures="0" timestamp="16 Oct 2019 19:55:19 GMT" time="36.728" errors="0">
  <testcase name="logInChrome" time="36.728" classname="com.baylorgenetics.cataglog_qa.testcases.LoginChrome"/>
</testsuite> <!-- com.baylorgenetics.cataglog_qa.testcases.LoginChrome -->
