<?xml version="1.0" encoding="UTF-8"?>
<!-- Generated by org.testng.reporters.JUnitReportReporter -->
<testsuite skipped="0" hostname="BG-DEV19-LT" name="com.baylorgenetics.cataglog_qa.testcases.AddingAllTheDocumentsToAnOrder" tests="1" failures="0" timestamp="18 Oct 2019 14:47:19 GMT" time="44.079" errors="0">
  <testcase name="addingAllDocsToAnOrder" time="44.079" classname="com.baylorgenetics.cataglog_qa.testcases.AddingAllTheDocumentsToAnOrder"/>
</testsuite> <!-- com.baylorgenetics.cataglog_qa.testcases.AddingAllTheDocumentsToAnOrder -->
