<?xml version="1.0" encoding="UTF-8"?>
<!-- Generated by org.testng.reporters.JUnitReportReporter -->
<testsuite skipped="0" hostname="BG-DEV19-LT" name="com.baylorgenetics.cataglog_qa.testcases.NegativePatientInfoSubmitWithoutRequiredFields" tests="1" failures="0" timestamp="13 Feb 2020 20:02:05 GMT" time="20.312" errors="0">
  <testcase name="NegativePatientInfoNorequiredFieldsNoSubmitAndSaveButton" time="20.312" classname="com.baylorgenetics.cataglog_qa.testcases.NegativePatientInfoSubmitWithoutRequiredFields"/>
</testsuite> <!-- com.baylorgenetics.cataglog_qa.testcases.NegativePatientInfoSubmitWithoutRequiredFields -->
