<?xml version="1.0" encoding="UTF-8"?>
<!-- Generated by org.testng.reporters.JUnitReportReporter -->
<testsuite skipped="0" hostname="BG-DEV19-LT" name="com.baylorgenetics.cataglog_qa.testcases.VerifyingCytogeneticsOrderpageAndSections" tests="1" failures="0" timestamp="13 Feb 2020 21:05:10 GMT" time="22.813" errors="0">
  <testcase name="verifyingTheUrlAndSectionCytogeneticsOrderPage" time="22.813" classname="com.baylorgenetics.cataglog_qa.testcases.VerifyingCytogeneticsOrderpageAndSections"/>
</testsuite> <!-- com.baylorgenetics.cataglog_qa.testcases.VerifyingCytogeneticsOrderpageAndSections -->
